<?xml version="1.0" encoding="UTF-8"?>
<testsuite name="jade.MouseListenerTest" tests="1" skipped="0" failures="0" errors="0" timestamp="2021-04-05T02:46:00" hostname="Marios-MacBook-Pro.local" time="0.021">
  <properties/>
  <testcase name="shouldFoo()" classname="jade.MouseListenerTest" time="0.021"/>
  <system-out><![CDATA[]]></system-out>
  <system-err><![CDATA[]]></system-err>
</testsuite>
